[INFO ] 2020-01-21 07:37:11.542 [main] AmazonTestCase - Enter the usernameanilds02@gmail.com
[INFO ] 2020-01-21 07:37:11.598 [main] AmazonTestCase - Enter the passwordpassword123
[INFO ] 2020-01-21 07:40:26.680 [main] AmazonTestCase - Enter the usernameanilds02@gmail.com
[INFO ] 2020-01-21 07:40:26.684 [main] AmazonTestCase - Enter the passwordpassword123
[INFO ] 2020-01-21 07:45:32.327 [main] AmazonTestCase - Enter the username :anilds02@gmail.com
[INFO ] 2020-01-21 07:45:32.331 [main] AmazonTestCase - Enter the password :password123
[INFO ] 2020-01-21 07:45:33.116 [main] BaseClass - Validation of element is present
[INFO ] 2020-01-21 07:46:34.466 [main] AmazonTestCase - Enter the username :anilds02@gmail.com
[INFO ] 2020-01-21 07:46:34.472 [main] AmazonTestCase - Enter the password :password123
[INFO ] 2020-01-21 07:47:15.172 [main] AmazonTestCase - Enter the username :anilds02@gmail.com
[INFO ] 2020-01-21 07:47:15.176 [main] AmazonTestCase - Enter the password :password123
[INFO ] 2020-01-21 07:47:15.608 [main] BaseClass - Validation of element is present
[INFO ] 2020-01-21 07:48:05.099 [main] AmazonTestCase - Enter the username :anilds02@gmail.com
[INFO ] 2020-01-21 07:48:05.104 [main] AmazonTestCase - Enter the password :password123
[INFO ] 2020-01-21 07:48:05.730 [main] BaseClass - Element is not present : org.openqa.selenium.NoSuchElementException: An element could not be located on the page using the given search parameters.
For documentation on this error, please visit: https://www.seleniumhq.org/exceptions/no_such_element.html
Build info: version: '3.141.59', revision: 'e82be7d358', time: '2018-11-14T08:25:48'
System info: host: 'DESKTOP-MSQGFI6', ip: '192.168.0.116', os.name: 'Windows 10', os.arch: 'amd64', os.version: '10.0', java.version: '1.8.0_231'
Driver info: io.appium.java_client.android.AndroidDriver
Capabilities {app: C:\Users\Anil\AppiumFrameWo..., appActivity: com.amazon.mShop.home.HomeA..., appPackage: com.amazon.mShop.android.sh..., automationName: Appium, databaseEnabled: false, desired: {app: C:\Users\Anil\AppiumFrameWo..., appActivity: com.amazon.mShop.home.HomeA..., appPackage: com.amazon.mShop.android.sh..., automationName: Appium, deviceName: Android, noReset: true, platformName: android, platformVersion: 9.0}, deviceApiLevel: 28, deviceManufacturer: Xiaomi, deviceModel: Redmi 6 Pro, deviceName: 4b5b8e450905, deviceScreenDensity: 440, deviceScreenSize: 1080x2280, deviceUDID: 4b5b8e450905, javascriptEnabled: true, locationContextEnabled: false, networkConnectionEnabled: true, noReset: true, pixelRatio: 2.75, platform: LINUX, platformName: Android, platformVersion: 9, statBarHeight: 89, takesScreenshot: true, viewportRect: {height: 1972, left: 0, top: 89, width: 1080}, warnings: {}, webStorageEnabled: false}
Session ID: c929f7bf-e319-4eb1-aded-6f1d4295cd60
*** Element info: {Using=id, value=com.amazon.mShop.android.shopping:id/sso_splash_log}
[INFO ] 2020-01-21 08:37:31.550 [main] AmazonTestCase - Enter the username :anilds02@gmail.com
[INFO ] 2020-01-21 08:37:31.614 [main] AmazonTestCase - Enter the password :password123
[INFO ] 2020-01-21 08:37:33.813 [main] BaseClass - Element is not present : org.openqa.selenium.NoSuchElementException: An element could not be located on the page using the given search parameters.
For documentation on this error, please visit: https://www.seleniumhq.org/exceptions/no_such_element.html
Build info: version: '3.141.59', revision: 'e82be7d358', time: '2018-11-14T08:25:48'
System info: host: 'DESKTOP-MSQGFI6', ip: '192.168.0.116', os.name: 'Windows 10', os.arch: 'amd64', os.version: '10.0', java.version: '1.8.0_231'
Driver info: io.appium.java_client.android.AndroidDriver
Capabilities {app: C:\Users\Anil\AppiumFrameWo..., appActivity: com.amazon.mShop.home.HomeA..., appPackage: com.amazon.mShop.android.sh..., automationName: Appium, databaseEnabled: false, desired: {app: C:\Users\Anil\AppiumFrameWo..., appActivity: com.amazon.mShop.home.HomeA..., appPackage: com.amazon.mShop.android.sh..., automationName: Appium, deviceName: Android, noReset: true, platformName: android, platformVersion: 9.0}, deviceApiLevel: 28, deviceManufacturer: Xiaomi, deviceModel: Redmi 6 Pro, deviceName: 4b5b8e450905, deviceScreenDensity: 440, deviceScreenSize: 1080x2280, deviceUDID: 4b5b8e450905, javascriptEnabled: true, locationContextEnabled: false, networkConnectionEnabled: true, noReset: true, pixelRatio: 2.75, platform: LINUX, platformName: Android, platformVersion: 9, statBarHeight: 89, takesScreenshot: true, viewportRect: {height: 1972, left: 0, top: 89, width: 1080}, warnings: {}, webStorageEnabled: false}
Session ID: 8c86305a-b984-4f26-964c-f97b93b5bd8f
*** Element info: {Using=id, value=com.amazon.mShop.android.shopping:id/sso_splash_logo}
[INFO ] 2020-01-21 08:38:35.607 [main] AmazonTestCase - Enter the username :anilds02@gmail.com
[INFO ] 2020-01-21 08:38:35.612 [main] AmazonTestCase - Enter the password :password123
[INFO ] 2020-01-21 08:38:36.104 [main] BaseClass - Validation of element is present
[INFO ] 2020-01-21 08:39:24.046 [main] AmazonTestCase - Enter the username :anilds02@gmail.com
[INFO ] 2020-01-21 08:39:24.051 [main] AmazonTestCase - Enter the password :password123
[INFO ] 2020-01-21 08:39:24.286 [main] BaseClass - Validation of element is present
[INFO ] 2020-01-21 08:43:02.994 [main] AmazonTestCase - Enter the username :anilds02@gmail.com
[INFO ] 2020-01-21 08:43:03.000 [main] AmazonTestCase - Enter the password :password123
[INFO ] 2020-01-21 08:43:03.270 [main] BaseClass - Validation of element is present
[INFO ] 2020-01-21 08:44:04.850 [main] BaseClass - Text :Sign in to your account
[INFO ] 2020-01-21 08:44:40.486 [main] BaseClass - Text :Sign in to your account
[INFO ] 2020-01-21 08:45:12.216 [main] BaseClass - Text :Sign in to your account
[INFO ] 2020-01-21 08:45:17.776 [main] BaseClass - Text is present
[INFO ] 2020-01-21 21:47:04.167 [main] AmazonTestCase - Enter the username :anilds02@gmail.com
[INFO ] 2020-01-21 21:47:04.279 [main] AmazonTestCase - Enter the password :password123
[INFO ] 2020-01-21 21:47:05.258 [main] BaseClass - Element is not present : org.openqa.selenium.NoSuchElementException: An element could not be located on the page using the given search parameters.
For documentation on this error, please visit: https://www.seleniumhq.org/exceptions/no_such_element.html
Build info: version: '3.141.59', revision: 'e82be7d358', time: '2018-11-14T08:25:48'
System info: host: 'DESKTOP-MSQGFI6', ip: '192.168.0.116', os.name: 'Windows 10', os.arch: 'amd64', os.version: '10.0', java.version: '1.8.0_231'
Driver info: io.appium.java_client.android.AndroidDriver
Capabilities {app: C:\Users\Anil\AppiumFrameWo..., appActivity: com.amazon.mShop.home.HomeA..., appPackage: com.amazon.mShop.android.sh..., automationName: Appium, databaseEnabled: false, desired: {app: C:\Users\Anil\AppiumFrameWo..., appActivity: com.amazon.mShop.home.HomeA..., appPackage: com.amazon.mShop.android.sh..., automationName: Appium, deviceName: Android, platformName: android, platformVersion: 9.0}, deviceApiLevel: 28, deviceManufacturer: Xiaomi, deviceModel: Redmi 6 Pro, deviceName: 4b5b8e450905, deviceScreenDensity: 440, deviceScreenSize: 1080x2280, deviceUDID: 4b5b8e450905, javascriptEnabled: true, locationContextEnabled: false, networkConnectionEnabled: true, pixelRatio: 2.75, platform: LINUX, platformName: Android, platformVersion: 9, statBarHeight: 89, takesScreenshot: true, viewportRect: {height: 1972, left: 0, top: 89, width: 1080}, warnings: {}, webStorageEnabled: false}
Session ID: 4e6442be-2072-4b0b-8615-333a5b832954
*** Element info: {Using=xpath, value=//*[@id='com.amazon.mShop.android.shopping:id/sso_splash_logo']}
[INFO ] 2020-01-21 21:47:05.480 [main] BaseClass - Text :Sign in to your account
[INFO ] 2020-01-21 21:47:05.481 [main] BaseClass - Text is present
[INFO ] 2020-01-21 22:06:55.944 [main] AmazonTestCase - Enter the username :anilds02@gmail.com
[INFO ] 2020-01-21 22:06:56.003 [main] AmazonTestCase - Enter the password :password123
[INFO ] 2020-01-21 22:06:57.143 [main] BaseClass - Validation of element is present
[INFO ] 2020-01-21 22:06:57.269 [main] BaseClass - Text :Sign in to your account
[INFO ] 2020-01-21 22:06:57.269 [main] BaseClass - Text is present
[INFO ] 2020-01-21 22:08:59.046 [main] AmazonTestCase - Enter the username :anilds02@gmail.com
[INFO ] 2020-01-21 22:08:59.089 [main] AmazonTestCase - Enter the password :password123
[INFO ] 2020-01-21 22:09:03.666 [main] BaseClass - Element is not present : org.openqa.selenium.NoSuchElementException: An element could not be located on the page using the given search parameters.
For documentation on this error, please visit: https://www.seleniumhq.org/exceptions/no_such_element.html
Build info: version: '3.141.59', revision: 'e82be7d358', time: '2018-11-14T08:25:48'
System info: host: 'DESKTOP-MSQGFI6', ip: '192.168.0.116', os.name: 'Windows 10', os.arch: 'amd64', os.version: '10.0', java.version: '1.8.0_231'
Driver info: io.appium.java_client.android.AndroidDriver
Capabilities {app: C:\Users\Anil\AppiumFrameWo..., appActivity: com.amazon.mShop.home.HomeA..., appPackage: com.amazon.mShop.android.sh..., automationName: Appium, databaseEnabled: false, desired: {app: C:\Users\Anil\AppiumFrameWo..., appActivity: com.amazon.mShop.home.HomeA..., appPackage: com.amazon.mShop.android.sh..., automationName: Appium, deviceName: Android, platformName: android, platformVersion: 9.0}, deviceApiLevel: 28, deviceManufacturer: Xiaomi, deviceModel: Redmi 6 Pro, deviceName: 4b5b8e450905, deviceScreenDensity: 440, deviceScreenSize: 1080x2280, deviceUDID: 4b5b8e450905, javascriptEnabled: true, locationContextEnabled: false, networkConnectionEnabled: true, pixelRatio: 2.75, platform: LINUX, platformName: Android, platformVersion: 9, statBarHeight: 89, takesScreenshot: true, viewportRect: {height: 1972, left: 0, top: 89, width: 1080}, warnings: {}, webStorageEnabled: false}
Session ID: ba1bae7a-e44a-4994-ac9e-bdb4348b5a73
*** Element info: {Using=xpath, value=//*[@resource-id='com.amazon.mShop.android.shopping:id/sso_splash_logo']}
[INFO ] 2020-01-21 22:13:45.300 [main] AmazonTestCase - Enter the username :anilds02@gmail.com
[INFO ] 2020-01-21 22:13:45.305 [main] AmazonTestCase - Enter the password :password123
[INFO ] 2020-01-21 22:13:46.466 [main] BaseClass - Validation of element is present
[INFO ] 2020-01-21 22:13:46.966 [main] BaseClass - Text :Sign in to your account
[INFO ] 2020-01-21 22:13:46.966 [main] BaseClass - Text is present
[INFO ] 2020-01-21 22:20:02.026 [main] AmazonTestCase - Enter the username :anilds02@gmail.com
[INFO ] 2020-01-21 22:20:02.030 [main] AmazonTestCase - Enter the password :password123
[INFO ] 2020-01-21 22:20:03.016 [main] BaseClass - Validation of element is present
[INFO ] 2020-01-21 22:20:03.367 [main] BaseClass - Text :Sign in to your account
[INFO ] 2020-01-21 22:20:03.367 [main] BaseClass - Text is present
[INFO ] 2020-01-21 22:21:29.562 [main] AmazonTestCase - Enter the username :anilds02@gmail.com
[INFO ] 2020-01-21 22:21:29.566 [main] AmazonTestCase - Enter the password :password123
[INFO ] 2020-01-21 22:21:30.159 [main] BaseClass - Validation of element is present
[INFO ] 2020-01-21 22:21:30.551 [main] BaseClass - Text :Sign in to your account
[INFO ] 2020-01-21 22:21:30.551 [main] BaseClass - Text is present
[INFO ] 2020-01-21 22:23:44.802 [main] AmazonTestCase - Enter the username :anilds02@gmail.com
[INFO ] 2020-01-21 22:23:44.808 [main] AmazonTestCase - Enter the password :password123
[INFO ] 2020-01-21 22:23:45.695 [main] BaseClass - Validation of element is present
[INFO ] 2020-01-21 22:24:00.629 [main] BaseClass - Text :Sign in to your account
[INFO ] 2020-01-21 22:24:00.633 [main] BaseClass - Text is present
[INFO ] 2020-01-21 22:26:04.473 [main] AmazonTestCase - Enter the username :anilds02@gmail.com
[INFO ] 2020-01-21 22:26:04.479 [main] AmazonTestCase - Enter the password :password123
[INFO ] 2020-01-21 22:26:05.117 [main] BaseClass - Validation of element is present
[INFO ] 2020-01-21 22:26:05.544 [main] BaseClass - Text :Sign in to your account
[INFO ] 2020-01-21 22:26:05.545 [main] BaseClass - Text is present
[INFO ] 2020-01-21 22:28:03.355 [main] AmazonTestCase - Enter the username :anilds02@gmail.com
[INFO ] 2020-01-21 22:28:03.360 [main] AmazonTestCase - Enter the password :password123
[INFO ] 2020-01-21 22:28:04.260 [main] BaseClass - Validation of element is present
[INFO ] 2020-01-21 22:28:04.588 [main] BaseClass - Text :Sign in to your account
[INFO ] 2020-01-21 22:28:04.588 [main] BaseClass - Text is present
[INFO ] 2020-01-21 22:31:33.993 [main] AmazonTestCase - Enter the username :anilds02@gmail.com
[INFO ] 2020-01-21 22:31:33.999 [main] AmazonTestCase - Enter the password :password123
[INFO ] 2020-01-21 22:31:35.053 [main] BaseClass - Validation of element is present
[INFO ] 2020-01-21 22:31:35.478 [main] BaseClass - Text :Sign in to your account
[INFO ] 2020-01-21 22:31:35.478 [main] BaseClass - Text is present
[INFO ] 2020-01-21 22:32:23.803 [main] AmazonTestCase - Enter the username :anilds02@gmail.com
[INFO ] 2020-01-21 22:32:23.808 [main] AmazonTestCase - Enter the password :password123
[INFO ] 2020-01-21 22:32:24.969 [main] BaseClass - Validation of element is present
[INFO ] 2020-01-21 22:32:25.366 [main] BaseClass - Text :Sign in to your account
[INFO ] 2020-01-21 22:32:25.367 [main] BaseClass - Text is present
[INFO ] 2020-01-21 22:32:25.711 [main] BaseClass - Click on sign in button
[INFO ] 2020-01-22 07:49:13.497 [main] AmazonTestCase - Enter the username :anilds02@gmail.com
[INFO ] 2020-01-22 07:49:13.538 [main] AmazonTestCase - Enter the password :password123
[INFO ] 2020-01-22 07:49:14.483 [main] BaseClass - Validation of element is present
[INFO ] 2020-01-22 07:49:14.882 [main] BaseClass - Text :Sign in to your account
[INFO ] 2020-01-22 07:49:14.882 [main] BaseClass - Text is present
[INFO ] 2020-01-22 07:49:15.286 [main] BaseClass - Click on sign in button
[INFO ] 2020-01-22 07:55:40.378 [main] AmazonTestCase - Enter the username :anilds02@gmail.com
[INFO ] 2020-01-22 07:55:40.392 [main] AmazonTestCase - Enter the password :password123
[INFO ] 2020-01-22 07:55:41.161 [main] BaseClass - Validation of element is present
[INFO ] 2020-01-22 07:55:41.520 [main] BaseClass - Text is present : Sign in to your account
[INFO ] 2020-01-22 07:55:41.821 [main] BaseClass - Validation of element is present
[INFO ] 2020-01-22 07:55:42.135 [main] BaseClass - Click on sign in button
[INFO ] 2020-01-22 07:56:56.423 [main] AmazonTestCase - Enter the username :anilds02@gmail.com
[INFO ] 2020-01-22 07:56:56.428 [main] AmazonTestCase - Enter the password :password123
[INFO ] 2020-01-22 07:56:57.049 [main] BaseClass - Validation of element is present
[INFO ] 2020-01-22 07:56:57.622 [main] BaseClass - Text is present : Sign in to your account
[INFO ] 2020-01-22 07:56:58.070 [main] BaseClass - Text is present : Already a customer? Sign in
[INFO ] 2020-01-22 07:56:58.379 [main] BaseClass - Click on sign in button
[INFO ] 2020-01-22 08:25:39.069 [main] AmazonTestCase - Enter the username :anilds02@gmail.com
[INFO ] 2020-01-22 08:25:39.127 [main] AmazonTestCase - Enter the password :password123
[INFO ] 2020-01-22 08:25:40.602 [main] BaseClass - Validation of element is present
[INFO ] 2020-01-22 08:25:41.063 [main] BaseClass - Text is present : Sign in to your account
[INFO ] 2020-01-22 08:25:41.485 [main] BaseClass - Text is present : Already a customer? Sign in
[INFO ] 2020-01-22 08:25:41.846 [main] BaseClass - Click on sign in button
[INFO ] 2020-01-22 08:32:53.478 [main] AmazonTestCase - Enter the username :anilds02@gmail.com
[INFO ] 2020-01-22 08:32:54.147 [main] AmazonTestCase - Enter the password :password123
[INFO ] 2020-01-22 08:32:57.022 [main] BaseClass - Validation of element is present
[INFO ] 2020-01-22 08:32:59.470 [main] BaseClass - Text is present : Sign in to your account
[INFO ] 2020-01-22 08:32:59.887 [main] BaseClass - Text is present : Already a customer? Sign in
[INFO ] 2020-01-22 08:33:00.529 [main] BaseClass - Click on sign in button
[INFO ] 2020-01-22 08:34:56.145 [main] AmazonTestCase - Enter the username :anilds02@gmail.com
[INFO ] 2020-01-22 08:34:56.150 [main] AmazonTestCase - Enter the password :password123
[INFO ] 2020-01-22 08:34:56.780 [main] BaseClass - Validation of element is present
[INFO ] 2020-01-22 08:34:57.155 [main] BaseClass - Text is present : Sign in to your account
[INFO ] 2020-01-22 08:34:57.507 [main] BaseClass - Text is present : Already a customer? Sign in
[INFO ] 2020-01-22 08:34:58.115 [main] BaseClass - Click on sign in button
[INFO ] 2020-01-22 08:35:54.761 [main] AmazonTestCase - Enter the username :anilds02@gmail.com
[INFO ] 2020-01-22 08:35:54.766 [main] AmazonTestCase - Enter the password :password123
[INFO ] 2020-01-22 08:35:55.407 [main] BaseClass - Validation of element is present
[INFO ] 2020-01-22 08:35:55.899 [main] BaseClass - Text is present : Sign in to your account
[INFO ] 2020-01-22 08:35:56.161 [main] BaseClass - Text is present : Already a customer? Sign in
[INFO ] 2020-01-22 08:35:56.449 [main] BaseClass - Click on sign in button
[INFO ] 2020-01-22 08:37:03.529 [main] AmazonTestCase - Enter the username :anilds02@gmail.com
[INFO ] 2020-01-22 08:37:03.534 [main] AmazonTestCase - Enter the password :password123
[INFO ] 2020-01-22 08:37:04.203 [main] BaseClass - Validation of element is present
[INFO ] 2020-01-22 08:37:04.619 [main] BaseClass - Text is present : Sign in to your account
[INFO ] 2020-01-22 08:37:04.942 [main] BaseClass - Text is present : Already a customer? Sign in
[INFO ] 2020-01-22 08:37:05.190 [main] BaseClass - Click on sign in button
[INFO ] 2020-01-22 08:39:41.787 [main] AmazonTestCase - Enter the username :anilds02@gmail.com
[INFO ] 2020-01-22 08:39:41.792 [main] AmazonTestCase - Enter the password :password123
[INFO ] 2020-01-22 08:39:42.843 [main] BaseClass - Validation of element is present
[INFO ] 2020-01-22 08:39:43.291 [main] BaseClass - Text is present : Sign in to your account
[INFO ] 2020-01-22 08:39:43.605 [main] BaseClass - Text is present : Already a customer? Sign in
[INFO ] 2020-01-22 08:39:43.853 [main] BaseClass - Click on sign in button
[INFO ] 2020-01-22 08:39:44.493 [main] BaseClass - Element is not present : org.openqa.selenium.NoSuchElementException: An element could not be located on the page using the given search parameters.
For documentation on this error, please visit: https://www.seleniumhq.org/exceptions/no_such_element.html
Build info: version: '3.141.59', revision: 'e82be7d358', time: '2018-11-14T08:25:48'
System info: host: 'DESKTOP-MSQGFI6', ip: '192.168.0.116', os.name: 'Windows 10', os.arch: 'amd64', os.version: '10.0', java.version: '1.8.0_231'
Driver info: io.appium.java_client.android.AndroidDriver
Capabilities {app: C:\Users\Anil\AppiumFrameWo..., appActivity: com.amazon.mShop.home.HomeA..., appPackage: com.amazon.mShop.android.sh..., automationName: Appium, databaseEnabled: false, desired: {app: C:\Users\Anil\AppiumFrameWo..., appActivity: com.amazon.mShop.home.HomeA..., appPackage: com.amazon.mShop.android.sh..., automationName: Appium, deviceName: Android, platformName: android, platformVersion: 9.0}, deviceApiLevel: 28, deviceManufacturer: Xiaomi, deviceModel: Redmi 6 Pro, deviceName: 4b5b8e450905, deviceScreenDensity: 440, deviceScreenSize: 1080x2280, deviceUDID: 4b5b8e450905, javascriptEnabled: true, locationContextEnabled: false, networkConnectionEnabled: true, pixelRatio: 2.75, platform: LINUX, platformName: Android, platformVersion: 9, statBarHeight: 89, takesScreenshot: true, viewportRect: {height: 1972, left: 0, top: 89, width: 1080}, warnings: {}, webStorageEnabled: false}
Session ID: d273b4c7-a7cb-4273-8c37-50b732271161
*** Element info: {Using=xpath, value=//*[@resource-id='login_accordion_header']}
[INFO ] 2020-01-22 08:39:44.493 [main] BaseClass - Input the text : anilds02@gmail.com
[INFO ] 2020-01-22 08:39:45.620 [main] BaseClass - Text is not entered : org.openqa.selenium.NoSuchElementException: An element could not be located on the page using the given search parameters.
For documentation on this error, please visit: https://www.seleniumhq.org/exceptions/no_such_element.html
Build info: version: '3.141.59', revision: 'e82be7d358', time: '2018-11-14T08:25:48'
System info: host: 'DESKTOP-MSQGFI6', ip: '192.168.0.116', os.name: 'Windows 10', os.arch: 'amd64', os.version: '10.0', java.version: '1.8.0_231'
Driver info: io.appium.java_client.android.AndroidDriver
Capabilities {app: C:\Users\Anil\AppiumFrameWo..., appActivity: com.amazon.mShop.home.HomeA..., appPackage: com.amazon.mShop.android.sh..., automationName: Appium, databaseEnabled: false, desired: {app: C:\Users\Anil\AppiumFrameWo..., appActivity: com.amazon.mShop.home.HomeA..., appPackage: com.amazon.mShop.android.sh..., automationName: Appium, deviceName: Android, platformName: android, platformVersion: 9.0}, deviceApiLevel: 28, deviceManufacturer: Xiaomi, deviceModel: Redmi 6 Pro, deviceName: 4b5b8e450905, deviceScreenDensity: 440, deviceScreenSize: 1080x2280, deviceUDID: 4b5b8e450905, javascriptEnabled: true, locationContextEnabled: false, networkConnectionEnabled: true, pixelRatio: 2.75, platform: LINUX, platformName: Android, platformVersion: 9, statBarHeight: 89, takesScreenshot: true, viewportRect: {height: 1972, left: 0, top: 89, width: 1080}, warnings: {}, webStorageEnabled: false}
Session ID: d273b4c7-a7cb-4273-8c37-50b732271161
*** Element info: {Using=xpath, value=//*[@resource-id='ap_email_login']}
[INFO ] 2020-01-22 08:42:13.455 [main] AmazonTestCase - Enter the username :anilds02@gmail.com
[INFO ] 2020-01-22 08:42:13.461 [main] AmazonTestCase - Enter the password :password123
[INFO ] 2020-01-22 08:42:14.194 [main] BaseClass - Validation of element is present
[INFO ] 2020-01-22 08:42:14.566 [main] BaseClass - Text is present : Sign in to your account
[INFO ] 2020-01-22 08:42:15.241 [main] BaseClass - Text is present : Already a customer? Sign in
[INFO ] 2020-01-22 08:42:15.678 [main] BaseClass - Click on sign in button
[INFO ] 2020-01-22 08:42:16.390 [main] BaseClass - Element is not present : org.openqa.selenium.NoSuchElementException: An element could not be located on the page using the given search parameters.
For documentation on this error, please visit: https://www.seleniumhq.org/exceptions/no_such_element.html
Build info: version: '3.141.59', revision: 'e82be7d358', time: '2018-11-14T08:25:48'
System info: host: 'DESKTOP-MSQGFI6', ip: '192.168.0.116', os.name: 'Windows 10', os.arch: 'amd64', os.version: '10.0', java.version: '1.8.0_231'
Driver info: io.appium.java_client.android.AndroidDriver
Capabilities {app: C:\Users\Anil\AppiumFrameWo..., appActivity: com.amazon.mShop.home.HomeA..., appPackage: com.amazon.mShop.android.sh..., automationName: Appium, databaseEnabled: false, desired: {app: C:\Users\Anil\AppiumFrameWo..., appActivity: com.amazon.mShop.home.HomeA..., appPackage: com.amazon.mShop.android.sh..., automationName: Appium, deviceName: Android, platformName: android, platformVersion: 9.0}, deviceApiLevel: 28, deviceManufacturer: Xiaomi, deviceModel: Redmi 6 Pro, deviceName: 4b5b8e450905, deviceScreenDensity: 440, deviceScreenSize: 1080x2280, deviceUDID: 4b5b8e450905, javascriptEnabled: true, locationContextEnabled: false, networkConnectionEnabled: true, pixelRatio: 2.75, platform: LINUX, platformName: Android, platformVersion: 9, statBarHeight: 89, takesScreenshot: true, viewportRect: {height: 1972, left: 0, top: 89, width: 1080}, warnings: {}, webStorageEnabled: false}
Session ID: 8576bc7f-0172-4698-9e3e-b9c114f835b5
*** Element info: {Using=xpath, value=//*[contains(text(),'Login. Already a customer?')]}
[INFO ] 2020-01-22 08:42:16.390 [main] BaseClass - Input the text : anilds02@gmail.com
[INFO ] 2020-01-22 08:42:17.582 [main] BaseClass - Text is not entered : org.openqa.selenium.NoSuchElementException: An element could not be located on the page using the given search parameters.
For documentation on this error, please visit: https://www.seleniumhq.org/exceptions/no_such_element.html
Build info: version: '3.141.59', revision: 'e82be7d358', time: '2018-11-14T08:25:48'
System info: host: 'DESKTOP-MSQGFI6', ip: '192.168.0.116', os.name: 'Windows 10', os.arch: 'amd64', os.version: '10.0', java.version: '1.8.0_231'
Driver info: io.appium.java_client.android.AndroidDriver
Capabilities {app: C:\Users\Anil\AppiumFrameWo..., appActivity: com.amazon.mShop.home.HomeA..., appPackage: com.amazon.mShop.android.sh..., automationName: Appium, databaseEnabled: false, desired: {app: C:\Users\Anil\AppiumFrameWo..., appActivity: com.amazon.mShop.home.HomeA..., appPackage: com.amazon.mShop.android.sh..., automationName: Appium, deviceName: Android, platformName: android, platformVersion: 9.0}, deviceApiLevel: 28, deviceManufacturer: Xiaomi, deviceModel: Redmi 6 Pro, deviceName: 4b5b8e450905, deviceScreenDensity: 440, deviceScreenSize: 1080x2280, deviceUDID: 4b5b8e450905, javascriptEnabled: true, locationContextEnabled: false, networkConnectionEnabled: true, pixelRatio: 2.75, platform: LINUX, platformName: Android, platformVersion: 9, statBarHeight: 89, takesScreenshot: true, viewportRect: {height: 1972, left: 0, top: 89, width: 1080}, warnings: {}, webStorageEnabled: false}
Session ID: 8576bc7f-0172-4698-9e3e-b9c114f835b5
*** Element info: {Using=xpath, value=//*[contains(text(),'Login. Already a customer?')]}
[INFO ] 2020-01-22 08:45:07.443 [main] AmazonTestCase - Enter the username :anilds02@gmail.com
[INFO ] 2020-01-22 08:45:07.448 [main] AmazonTestCase - Enter the password :password123
[INFO ] 2020-01-22 08:45:08.456 [main] BaseClass - Validation of element is present
[INFO ] 2020-01-22 08:45:08.798 [main] BaseClass - Text is present : Sign in to your account
[INFO ] 2020-01-22 08:45:09.102 [main] BaseClass - Text is present : Already a customer? Sign in
[INFO ] 2020-01-22 08:45:09.484 [main] BaseClass - Click on sign in button
[INFO ] 2020-01-22 08:45:10.202 [main] BaseClass - Element is not present : org.openqa.selenium.InvalidSelectorException: java.lang.IllegalArgumentException: Unable to compile '//*[@resource-id=login_accordion_header']'. See Cause.
For documentation on this error, please visit: https://www.seleniumhq.org/exceptions/invalid_selector_exception.html
Build info: version: '3.141.59', revision: 'e82be7d358', time: '2018-11-14T08:25:48'
System info: host: 'DESKTOP-MSQGFI6', ip: '192.168.0.116', os.name: 'Windows 10', os.arch: 'amd64', os.version: '10.0', java.version: '1.8.0_231'
Driver info: io.appium.java_client.android.AndroidDriver
Capabilities {app: C:\Users\Anil\AppiumFrameWo..., appActivity: com.amazon.mShop.home.HomeA..., appPackage: com.amazon.mShop.android.sh..., automationName: Appium, databaseEnabled: false, desired: {app: C:\Users\Anil\AppiumFrameWo..., appActivity: com.amazon.mShop.home.HomeA..., appPackage: com.amazon.mShop.android.sh..., automationName: Appium, deviceName: Android, platformName: android, platformVersion: 9.0}, deviceApiLevel: 28, deviceManufacturer: Xiaomi, deviceModel: Redmi 6 Pro, deviceName: 4b5b8e450905, deviceScreenDensity: 440, deviceScreenSize: 1080x2280, deviceUDID: 4b5b8e450905, javascriptEnabled: true, locationContextEnabled: false, networkConnectionEnabled: true, pixelRatio: 2.75, platform: LINUX, platformName: Android, platformVersion: 9, statBarHeight: 89, takesScreenshot: true, viewportRect: {height: 1972, left: 0, top: 89, width: 1080}, warnings: {}, webStorageEnabled: false}
Session ID: 144bb791-badc-459c-9dfa-d8cad73e6295
*** Element info: {Using=xpath, value=//*[@resource-id=login_accordion_header']}
[INFO ] 2020-01-22 08:45:10.203 [main] BaseClass - Input the text : anilds02@gmail.com
[INFO ] 2020-01-22 08:45:11.567 [main] BaseClass - Text is not entered : org.openqa.selenium.NoSuchElementException: An element could not be located on the page using the given search parameters.
For documentation on this error, please visit: https://www.seleniumhq.org/exceptions/no_such_element.html
Build info: version: '3.141.59', revision: 'e82be7d358', time: '2018-11-14T08:25:48'
System info: host: 'DESKTOP-MSQGFI6', ip: '192.168.0.116', os.name: 'Windows 10', os.arch: 'amd64', os.version: '10.0', java.version: '1.8.0_231'
Driver info: io.appium.java_client.android.AndroidDriver
Capabilities {app: C:\Users\Anil\AppiumFrameWo..., appActivity: com.amazon.mShop.home.HomeA..., appPackage: com.amazon.mShop.android.sh..., automationName: Appium, databaseEnabled: false, desired: {app: C:\Users\Anil\AppiumFrameWo..., appActivity: com.amazon.mShop.home.HomeA..., appPackage: com.amazon.mShop.android.sh..., automationName: Appium, deviceName: Android, platformName: android, platformVersion: 9.0}, deviceApiLevel: 28, deviceManufacturer: Xiaomi, deviceModel: Redmi 6 Pro, deviceName: 4b5b8e450905, deviceScreenDensity: 440, deviceScreenSize: 1080x2280, deviceUDID: 4b5b8e450905, javascriptEnabled: true, locationContextEnabled: false, networkConnectionEnabled: true, pixelRatio: 2.75, platform: LINUX, platformName: Android, platformVersion: 9, statBarHeight: 89, takesScreenshot: true, viewportRect: {height: 1972, left: 0, top: 89, width: 1080}, warnings: {}, webStorageEnabled: false}
Session ID: 144bb791-badc-459c-9dfa-d8cad73e6295
*** Element info: {Using=xpath, value=//*[@resource-id='ap_email_login']}
[INFO ] 2020-01-22 08:54:41.710 [main] AmazonTestCase - Enter the username :anilds02@gmail.com
[INFO ] 2020-01-22 08:54:41.715 [main] AmazonTestCase - Enter the password :password123
[INFO ] 2020-01-22 08:54:42.508 [main] BaseClass - Validation of element is present
[INFO ] 2020-01-22 08:54:43.012 [main] BaseClass - Text is present : Sign in to your account
[INFO ] 2020-01-22 08:54:43.522 [main] BaseClass - Text is present : Already a customer? Sign in
[INFO ] 2020-01-22 08:54:43.817 [main] BaseClass - Click on sign in button
[INFO ] 2020-01-22 08:55:22.852 [main] AmazonTestCase - Enter the username :anilds02@gmail.com
[INFO ] 2020-01-22 08:55:22.857 [main] AmazonTestCase - Enter the password :password123
[INFO ] 2020-01-22 08:55:23.670 [main] BaseClass - Validation of element is present
[INFO ] 2020-01-22 08:55:24.049 [main] BaseClass - Text is present : Sign in to your account
[INFO ] 2020-01-22 08:55:24.368 [main] BaseClass - Text is present : Already a customer? Sign in
[INFO ] 2020-01-22 08:55:24.664 [main] BaseClass - Click on sign in button
[INFO ] 2020-01-22 08:56:31.495 [main] AmazonTestCase - Enter the username :anilds02@gmail.com
[INFO ] 2020-01-22 08:56:31.502 [main] AmazonTestCase - Enter the password :password123
[INFO ] 2020-01-22 08:56:32.315 [main] BaseClass - Validation of element is present
[INFO ] 2020-01-22 08:56:32.676 [main] BaseClass - Text is present : Sign in to your account
[INFO ] 2020-01-22 08:56:32.985 [main] BaseClass - Text is present : Already a customer? Sign in
[INFO ] 2020-01-22 08:56:33.581 [main] BaseClass - Click on sign in button
[INFO ] 2020-01-22 08:57:16.378 [main] AmazonTestCase - Enter the username :anilds02@gmail.com
[INFO ] 2020-01-22 08:57:16.383 [main] AmazonTestCase - Enter the password :password123
[INFO ] 2020-01-22 08:57:17.090 [main] BaseClass - Validation of element is present
[INFO ] 2020-01-22 08:57:17.677 [main] BaseClass - Text is present : Sign in to your account
[INFO ] 2020-01-22 08:57:18.126 [main] BaseClass - Text is present : Already a customer? Sign in
[INFO ] 2020-01-22 08:57:18.445 [main] BaseClass - Click on sign in button
[INFO ] 2020-01-22 09:00:07.383 [main] AmazonTestCase - Enter the username :anilds02@gmail.com
[INFO ] 2020-01-22 09:00:07.390 [main] AmazonTestCase - Enter the password :password123
[INFO ] 2020-01-22 09:00:08.125 [main] BaseClass - Validation of element is present
[INFO ] 2020-01-22 09:00:08.660 [main] BaseClass - Text is present : Sign in to your account
[INFO ] 2020-01-22 09:00:09.054 [main] BaseClass - Text is present : Already a customer? Sign in
[INFO ] 2020-01-22 09:00:09.388 [main] BaseClass - Click on sign in button
[INFO ] 2020-01-22 09:03:18.104 [main] AmazonTestCase - Enter the username :anilds02@gmail.com
[INFO ] 2020-01-22 09:03:18.262 [main] AmazonTestCase - Enter the password :password123
[INFO ] 2020-01-22 09:03:20.158 [main] BaseClass - Validation of element is present
[INFO ] 2020-01-22 09:03:20.718 [main] BaseClass - Text is present : Sign in to your account
[INFO ] 2020-01-22 09:03:21.002 [main] BaseClass - Text is present : Already a customer? Sign in
[INFO ] 2020-01-22 09:03:21.262 [main] BaseClass - Click on sign in button
[INFO ] 2020-01-22 09:03:25.608 [main] BaseClass - Input the text : anilds02@gmail.com
[INFO ] 2020-01-22 09:04:44.930 [main] AmazonTestCase - Enter the username :anilds02@gmail.com
[INFO ] 2020-01-22 09:04:44.935 [main] AmazonTestCase - Enter the password :password123
[INFO ] 2020-01-22 09:04:45.708 [main] BaseClass - Validation of element is present
[INFO ] 2020-01-22 09:04:46.060 [main] BaseClass - Text is present : Sign in to your account
[INFO ] 2020-01-22 09:04:46.343 [main] BaseClass - Text is present : Already a customer? Sign in
[INFO ] 2020-01-22 09:04:46.950 [main] BaseClass - Click on sign in button
[INFO ] 2020-01-22 09:04:51.331 [main] BaseClass - Input the text : anilds02@gmail.com
[INFO ] 2020-01-22 09:05:28.863 [main] AmazonTestCase - Enter the username :anilds02@gmail.com
[INFO ] 2020-01-22 09:05:28.868 [main] AmazonTestCase - Enter the password :password123
[INFO ] 2020-01-22 09:05:29.606 [main] BaseClass - Validation of element is present
[INFO ] 2020-01-22 09:05:30.008 [main] BaseClass - Text is present : Sign in to your account
[INFO ] 2020-01-22 09:05:31.052 [main] BaseClass - Text is present : Already a customer? Sign in
[INFO ] 2020-01-22 09:05:31.382 [main] BaseClass - Click on sign in button
[INFO ] 2020-01-22 09:05:37.181 [main] BaseClass - Input the text : anilds02@gmail.com
[INFO ] 2020-01-22 09:07:49.512 [main] AmazonTestCase - Enter the username :anilds02@gmail.com
[INFO ] 2020-01-22 09:07:49.517 [main] AmazonTestCase - Enter the password :password123
[INFO ] 2020-01-22 09:07:50.254 [main] BaseClass - Validation of element is present
[INFO ] 2020-01-22 09:07:50.582 [main] BaseClass - Text is present : Sign in to your account
[INFO ] 2020-01-22 09:07:50.874 [main] BaseClass - Text is present : Already a customer? Sign in
[INFO ] 2020-01-22 09:07:51.661 [main] BaseClass - Click on sign in button
[INFO ] 2020-01-22 09:07:55.935 [main] BaseClass - Input the text : anilds02@gmail.com
[INFO ] 2020-01-22 21:07:18.681 [main] AmazonTestCase - Enter the username :anilds02@gmail.com
[INFO ] 2020-01-22 21:07:18.706 [main] AmazonTestCase - Enter the password :password123
[INFO ] 2020-01-22 21:07:20.334 [main] BaseClass - Element is not present : org.openqa.selenium.NoSuchElementException: An element could not be located on the page using the given search parameters.
For documentation on this error, please visit: https://www.seleniumhq.org/exceptions/no_such_element.html
Build info: version: '3.141.59', revision: 'e82be7d358', time: '2018-11-14T08:25:48'
System info: host: 'DESKTOP-MSQGFI6', ip: '192.168.0.116', os.name: 'Windows 10', os.arch: 'amd64', os.version: '10.0', java.version: '1.8.0_231'
Driver info: io.appium.java_client.android.AndroidDriver
Capabilities {app: C:\Users\Anil\AppiumFrameWo..., appActivity: com.amazon.mShop.home.HomeA..., appPackage: com.amazon.mShop.android.sh..., automationName: Appium, databaseEnabled: false, desired: {app: C:\Users\Anil\AppiumFrameWo..., appActivity: com.amazon.mShop.home.HomeA..., appPackage: com.amazon.mShop.android.sh..., automationName: Appium, deviceName: Android, platformName: android, platformVersion: 9.0}, deviceApiLevel: 28, deviceManufacturer: Xiaomi, deviceModel: Redmi 6 Pro, deviceName: 4b5b8e450905, deviceScreenDensity: 440, deviceScreenSize: 1080x2280, deviceUDID: 4b5b8e450905, javascriptEnabled: true, locationContextEnabled: false, networkConnectionEnabled: true, pixelRatio: 2.75, platform: LINUX, platformName: Android, platformVersion: 9, statBarHeight: 89, takesScreenshot: true, viewportRect: {height: 1972, left: 0, top: 89, width: 1080}, warnings: {}, webStorageEnabled: false}
Session ID: 4af55e87-ba6a-463c-b6f9-6cd725d82abb
*** Element info: {Using=xpath, value=//*[@resource-id='com.amazon.mShop.android.shopping:id/sso_splash_logo']}
[INFO ] 2020-01-22 21:07:22.656 [main] BaseClass - Text is present : Sign in to your account
[INFO ] 2020-01-22 21:07:23.384 [main] BaseClass - Text is present : Already a customer? Sign in
[INFO ] 2020-01-22 21:07:23.657 [main] BaseClass - Click on sign in button
[INFO ] 2020-01-22 21:07:28.445 [main] BaseClass - Input the text : anilds02@gmail.com
[INFO ] 2020-01-22 21:08:26.590 [main] AmazonTestCase - Enter the username :anilds02@gmail.com
[INFO ] 2020-01-22 21:08:26.595 [main] AmazonTestCase - Enter the password :password123
[INFO ] 2020-01-22 21:08:27.559 [main] BaseClass - Validation of element is present
[INFO ] 2020-01-22 21:08:27.916 [main] BaseClass - Text is present : Sign in to your account
[INFO ] 2020-01-22 21:08:28.226 [main] BaseClass - Text is present : Already a customer? Sign in
[INFO ] 2020-01-22 21:08:28.555 [main] BaseClass - Click on sign in button
[INFO ] 2020-01-22 21:09:22.823 [main] AmazonTestCase - Enter the username :anilds02@gmail.com
[INFO ] 2020-01-22 21:09:22.830 [main] AmazonTestCase - Enter the password :password123
[INFO ] 2020-01-22 21:09:23.764 [main] BaseClass - Validation of element is present
[INFO ] 2020-01-22 21:09:24.179 [main] BaseClass - Text is present : Sign in to your account
[INFO ] 2020-01-22 21:09:24.630 [main] BaseClass - Text is present : Already a customer? Sign in
[INFO ] 2020-01-22 21:09:24.939 [main] BaseClass - Click on sign in button
[INFO ] 2020-01-22 21:09:30.974 [main] BaseClass - Input the text : anilds02@gmail.com
[INFO ] 2020-01-22 21:12:00.689 [main] AmazonTestCase - Enter the username :anilds02@gmail.com
[INFO ] 2020-01-22 21:12:00.695 [main] AmazonTestCase - Enter the password :password123
[INFO ] 2020-01-22 21:12:03.495 [main] BaseClass - Validation of element is present
[INFO ] 2020-01-22 21:12:03.847 [main] BaseClass - Text is present : Sign in to your account
[INFO ] 2020-01-22 21:12:04.119 [main] BaseClass - Text is present : Already a customer? Sign in
[INFO ] 2020-01-22 21:12:04.370 [main] BaseClass - Click on sign in button
[INFO ] 2020-01-22 21:12:10.167 [main] BaseClass - Input the text : anilds02@gmail.com
[INFO ] 2020-01-22 21:12:53.107 [main] AmazonTestCase - Enter the username :anilds02@gmail.com
[INFO ] 2020-01-22 21:12:53.112 [main] AmazonTestCase - Enter the password :password123
[INFO ] 2020-01-22 21:12:56.546 [main] BaseClass - Validation of element is present
[INFO ] 2020-01-22 21:12:56.930 [main] BaseClass - Text is present : Sign in to your account
[INFO ] 2020-01-22 21:12:58.159 [main] BaseClass - Text is present : Already a customer? Sign in
[INFO ] 2020-01-22 21:12:58.446 [main] BaseClass - Click on sign in button
[INFO ] 2020-01-22 21:13:04.945 [main] BaseClass - Input the text : anilds02@gmail.com
[INFO ] 2020-01-22 21:23:00.909 [main] AmazonTestCase - Enter the username :anilds02@gmail.com
[INFO ] 2020-01-22 21:23:00.914 [main] AmazonTestCase - Enter the password :password123
[INFO ] 2020-01-22 21:23:04.993 [main] BaseClass - Validation of element is present
[INFO ] 2020-01-22 21:23:05.808 [main] BaseClass - Text is present : Sign in to your account
[INFO ] 2020-01-22 21:23:06.102 [main] BaseClass - Text is present : Already a customer? Sign in
[INFO ] 2020-01-22 21:23:06.359 [main] BaseClass - Click on sign in button
[INFO ] 2020-01-22 21:23:10.361 [main] BaseClass - Text is present : Login. Already a customer?
[INFO ] 2020-01-22 21:23:10.361 [main] BaseClass - Input the text : anilds02@gmail.com
[INFO ] 2020-01-22 21:50:23.384 [main] AmazonTestCase - Enter the username :anilds02@gmail.com
[INFO ] 2020-01-22 21:50:23.433 [main] AmazonTestCase - Enter the password :password123
[INFO ] 2020-01-22 21:50:27.574 [main] BaseClass - Validation of element is present
[INFO ] 2020-01-22 21:50:28.370 [main] BaseClass - Text is present : Sign in to your account
[INFO ] 2020-01-22 21:50:28.666 [main] BaseClass - Text is present : Already a customer? Sign in
[INFO ] 2020-01-22 21:50:28.934 [main] BaseClass - Click on sign in button
[INFO ] 2020-01-22 21:56:45.713 [main] AmazonTestCase - Enter the username :anilds02@gmail.com
[INFO ] 2020-01-22 21:56:45.719 [main] AmazonTestCase - Enter the password :password123
[INFO ] 2020-01-22 21:56:49.880 [main] BaseClass - Validation of element is present
[INFO ] 2020-01-22 21:56:50.235 [main] BaseClass - Text is present : Sign in to your account
[INFO ] 2020-01-22 21:56:51.033 [main] BaseClass - Text is present : Already a customer? Sign in
[INFO ] 2020-01-22 21:56:51.253 [main] BaseClass - Click on button
[INFO ] 2020-01-22 21:57:03.969 [main] BaseClass - Text is present : Login. Already a customer?
[INFO ] 2020-01-22 21:57:03.969 [main] BaseClass - Input the text : anilds02@gmail.com
[INFO ] 2020-01-22 21:59:06.082 [main] AmazonTestCase - Enter the username :anilds02@gmail.com
[INFO ] 2020-01-22 21:59:06.087 [main] AmazonTestCase - Enter the password :password123
[INFO ] 2020-01-22 21:59:09.959 [main] BaseClass - Validation of element is present
[INFO ] 2020-01-22 21:59:11.418 [main] BaseClass - Text is present : Sign in to your account
[INFO ] 2020-01-22 21:59:11.692 [main] BaseClass - Text is present : Already a customer? Sign in
[INFO ] 2020-01-22 21:59:11.920 [main] BaseClass - Click on button
[INFO ] 2020-01-22 21:59:15.978 [main] BaseClass - Text is present : Login. Already a customer?
[INFO ] 2020-01-22 21:59:15.979 [main] BaseClass - Input the text : anilds02@gmail.com
[INFO ] 2020-01-22 22:09:50.676 [main] AmazonTestCase - Enter the username :anilds02@gmail.com
[INFO ] 2020-01-22 22:09:50.724 [main] AmazonTestCase - Enter the password :password123
[INFO ] 2020-01-22 22:09:55.003 [main] BaseClass - Validation of element is present
[INFO ] 2020-01-22 22:09:55.848 [main] BaseClass - Text is present : Sign in to your account
[INFO ] 2020-01-22 22:09:56.498 [main] BaseClass - Text is present : Already a customer? Sign in
[INFO ] 2020-01-22 22:09:56.780 [main] BaseClass - Click on button
[INFO ] 2020-01-22 22:10:01.383 [main] BaseClass - Text is present : Login. Already a customer?
[INFO ] 2020-01-22 22:10:01.383 [main] BaseClass - Input the text : anilds02@gmail.com
[INFO ] 2020-01-22 22:10:04.002 [main] BaseClass - Text is present : Continue
[INFO ] 2020-01-22 22:10:27.152 [main] BaseClass - Click on button
[INFO ] 2020-01-22 22:15:18.244 [main] AmazonTestCase - Enter the username :anilds02@gmail.com
[INFO ] 2020-01-22 22:15:18.248 [main] AmazonTestCase - Enter the password :password123
[INFO ] 2020-01-22 22:15:22.927 [main] BaseClass - Validation of element is present
[INFO ] 2020-01-22 22:15:23.959 [main] BaseClass - Text is present : Sign in to your account
[INFO ] 2020-01-22 22:15:24.206 [main] BaseClass - Text is present : Already a customer? Sign in
[INFO ] 2020-01-22 22:15:24.437 [main] BaseClass - Click on button
[INFO ] 2020-01-22 22:15:55.676 [main] AmazonTestCase - Enter the username :anilds02@gmail.com
[INFO ] 2020-01-22 22:15:55.680 [main] AmazonTestCase - Enter the password :password123
[INFO ] 2020-01-22 22:16:00.323 [main] BaseClass - Validation of element is present
[INFO ] 2020-01-22 22:16:00.705 [main] BaseClass - Text is present : Sign in to your account
[INFO ] 2020-01-22 22:16:01.089 [main] BaseClass - Text is present : Already a customer? Sign in
[INFO ] 2020-01-22 22:16:01.381 [main] BaseClass - Click on button
[INFO ] 2020-01-22 22:16:05.402 [main] BaseClass - Text is present : Login. Already a customer?
[INFO ] 2020-01-22 22:16:05.403 [main] BaseClass - Input the text : anilds02@gmail.com
[INFO ] 2020-01-22 22:16:08.599 [main] BaseClass - Text is present : Continue
[INFO ] 2020-01-22 22:16:08.924 [main] BaseClass - Click on button
[INFO ] 2020-01-22 22:17:18.051 [main] AmazonTestCase - Enter the username :anilds02@gmail.com
[INFO ] 2020-01-22 22:17:18.055 [main] AmazonTestCase - Enter the password :password123
[INFO ] 2020-01-22 22:17:21.493 [main] BaseClass - Validation of element is present
[INFO ] 2020-01-22 22:17:21.894 [main] BaseClass - Text is present : Sign in to your account
[INFO ] 2020-01-22 22:17:23.467 [main] BaseClass - Text is present : Already a customer? Sign in
[INFO ] 2020-01-22 22:17:23.695 [main] BaseClass - Click on button
[INFO ] 2020-01-22 22:17:27.821 [main] BaseClass - Text is present : Login. Already a customer?
[INFO ] 2020-01-22 22:17:27.821 [main] BaseClass - Input the text : anilds02@gmail.com
[INFO ] 2020-01-22 22:17:39.631 [main] BaseClass - Text is present : Continue
[INFO ] 2020-01-22 22:17:40.026 [main] BaseClass - Click on button
[INFO ] 2020-01-22 22:18:14.463 [main] AmazonTestCase - Enter the username :anilds02@gmail.com
[INFO ] 2020-01-22 22:18:14.467 [main] AmazonTestCase - Enter the password :password123
[INFO ] 2020-01-22 22:18:19.409 [main] BaseClass - Validation of element is present
[INFO ] 2020-01-22 22:18:19.812 [main] BaseClass - Text is present : Sign in to your account
[INFO ] 2020-01-22 22:18:20.058 [main] BaseClass - Text is present : Already a customer? Sign in
[INFO ] 2020-01-22 22:18:20.434 [main] BaseClass - Click on button
[INFO ] 2020-01-22 22:18:23.730 [main] BaseClass - Text is present : Login. Already a customer?
[INFO ] 2020-01-22 22:18:23.730 [main] BaseClass - Input the text : anilds02@gmail.com
[INFO ] 2020-01-22 22:18:55.283 [main] AmazonTestCase - Enter the username :anilds02@gmail.com
[INFO ] 2020-01-22 22:18:55.287 [main] AmazonTestCase - Enter the password :password123
[INFO ] 2020-01-22 22:18:59.357 [main] BaseClass - Validation of element is present
[INFO ] 2020-01-22 22:19:00.635 [main] BaseClass - Text is present : Sign in to your account
[INFO ] 2020-01-22 22:19:00.983 [main] BaseClass - Text is present : Already a customer? Sign in
[INFO ] 2020-01-22 22:19:01.208 [main] BaseClass - Click on button
[INFO ] 2020-01-22 22:19:05.094 [main] BaseClass - Text is present : Login. Already a customer?
[INFO ] 2020-01-22 22:19:05.094 [main] BaseClass - Input the text : anilds02@gmail.com
[INFO ] 2020-01-22 22:20:06.012 [main] AmazonTestCase - Enter the username :anilds02@gmail.com
[INFO ] 2020-01-22 22:20:06.017 [main] AmazonTestCase - Enter the password :password123
[INFO ] 2020-01-22 22:20:10.118 [main] BaseClass - Validation of element is present
[INFO ] 2020-01-22 22:20:11.406 [main] BaseClass - Text is present : Sign in to your account
[INFO ] 2020-01-22 22:20:11.714 [main] BaseClass - Text is present : Already a customer? Sign in
[INFO ] 2020-01-22 22:20:11.951 [main] BaseClass - Click on button
[INFO ] 2020-01-22 22:20:16.834 [main] BaseClass - Text is present : Login. Already a customer?
[INFO ] 2020-01-22 22:20:16.834 [main] BaseClass - Input the text : anilds02@gmail.com
[INFO ] 2020-01-22 22:20:19.173 [main] BaseClass - Text is present : Continue
[INFO ] 2020-01-22 22:20:19.476 [main] BaseClass - Click on button
[INFO ] 2020-01-22 22:24:49.859 [main] AmazonTestCase - Enter the username :anilds02@gmail.com
[INFO ] 2020-01-22 22:24:49.863 [main] AmazonTestCase - Enter the password :password123
[INFO ] 2020-01-22 22:24:53.781 [main] BaseClass - Validation of element is present
[INFO ] 2020-01-22 22:24:55.030 [main] BaseClass - Text is present : Sign in to your account
[INFO ] 2020-01-22 22:24:55.298 [main] BaseClass - Text is present : Already a customer? Sign in
[INFO ] 2020-01-22 22:24:55.872 [main] BaseClass - Click on button
[INFO ] 2020-01-22 22:24:59.191 [main] BaseClass - Text is present : Login. Already a customer?
[INFO ] 2020-01-22 22:24:59.191 [main] BaseClass - Input the text : anilds02@gmail.com
[INFO ] 2020-01-22 22:26:05.701 [main] AmazonTestCase - Enter the username :anilds02@gmail.com
[INFO ] 2020-01-22 22:26:05.706 [main] AmazonTestCase - Enter the password :password123
[INFO ] 2020-01-22 22:26:09.441 [main] BaseClass - Validation of element is present
[INFO ] 2020-01-22 22:26:09.963 [main] BaseClass - Text is present : Sign in to your account
[INFO ] 2020-01-22 22:26:11.032 [main] BaseClass - Text is present : Already a customer? Sign in
[INFO ] 2020-01-22 22:26:11.334 [main] BaseClass - Click on button
[INFO ] 2020-01-22 22:26:16.067 [main] BaseClass - Text is present : Login. Already a customer?
[INFO ] 2020-01-22 22:26:16.067 [main] BaseClass - Input the text : anilds02@gmail.com
[INFO ] 2020-01-22 22:26:18.432 [main] BaseClass - Text is present : Continue
[INFO ] 2020-01-22 22:26:19.156 [main] BaseClass - Click on button
[INFO ] 2020-01-22 22:27:39.170 [main] AmazonTestCase - Enter the username :anilds02@gmail.com
[INFO ] 2020-01-22 22:27:39.174 [main] AmazonTestCase - Enter the password :password123
[INFO ] 2020-01-22 22:27:43.695 [main] BaseClass - Validation of element is present
[INFO ] 2020-01-22 22:27:44.332 [main] BaseClass - Text is present : Sign in to your account
[INFO ] 2020-01-22 22:27:44.592 [main] BaseClass - Text is present : Already a customer? Sign in
[INFO ] 2020-01-22 22:27:44.816 [main] BaseClass - Click on button
[INFO ] 2020-01-22 22:27:48.719 [main] BaseClass - Text is present : Login. Already a customer?
[INFO ] 2020-01-22 22:27:48.719 [main] BaseClass - Input the text : anilds02@gmail.com
[INFO ] 2020-01-22 22:32:56.804 [main] AmazonTestCase - Enter the username :anilds02@gmail.com
[INFO ] 2020-01-22 22:32:56.809 [main] AmazonTestCase - Enter the password :password123
[INFO ] 2020-01-22 22:33:00.295 [main] BaseClass - Validation of element is present
[INFO ] 2020-01-22 22:33:01.489 [main] BaseClass - Text is present : Sign in to your account
[INFO ] 2020-01-22 22:33:01.763 [main] BaseClass - Text is present : Already a customer? Sign in
[INFO ] 2020-01-22 22:33:02.098 [main] BaseClass - Click on button
[INFO ] 2020-01-22 22:33:06.218 [main] BaseClass - Text is present : Login. Already a customer?
[INFO ] 2020-01-22 22:33:06.219 [main] BaseClass - Input the text : anilds02@gmail.com
[INFO ] 2020-01-22 22:33:08.798 [main] BaseClass - Click on button
[INFO ] 2020-01-22 22:33:11.390 [main] BaseClass - Click on button
[INFO ] 2020-01-22 22:33:13.489 [main] BaseClass - Text is present : Continue
[INFO ] 2020-01-22 22:33:13.744 [main] BaseClass - Click on button
[INFO ] 2020-01-22 22:35:17.363 [main] AmazonTestCase - Enter the username :anilds02@gmail.com
[INFO ] 2020-01-22 22:35:17.368 [main] AmazonTestCase - Enter the password :password123
[INFO ] 2020-01-22 22:35:20.861 [main] BaseClass - Validation of element is present
[INFO ] 2020-01-22 22:35:22.565 [main] BaseClass - Text is present : Sign in to your account
[INFO ] 2020-01-22 22:35:22.915 [main] BaseClass - Text is present : Already a customer? Sign in
[INFO ] 2020-01-22 22:35:23.451 [main] BaseClass - Click on button : Already a customer? Sign in
[INFO ] 2020-01-22 22:35:27.514 [main] BaseClass - Text is present : Login. Already a customer?
[INFO ] 2020-01-22 22:35:27.514 [main] BaseClass - Input the text : anilds02@gmail.com
[INFO ] 2020-01-22 22:35:30.385 [main] BaseClass - Click on button : 
[INFO ] 2020-01-22 22:35:33.904 [main] BaseClass - Click on button : AUTO-FILL
[INFO ] 2020-01-22 22:35:34.962 [main] BaseClass - Text is present : Continue
[INFO ] 2020-01-22 22:35:35.445 [main] BaseClass - Click on button : Continue
[INFO ] 2020-01-22 22:37:20.372 [main] AmazonTestCase - Enter the username :anilds02@gmail.com
[INFO ] 2020-01-22 22:37:20.376 [main] AmazonTestCase - Enter the password :password123
[INFO ] 2020-01-22 22:37:24.110 [main] BaseClass - Validation of element is present
[INFO ] 2020-01-22 22:37:24.910 [main] BaseClass - Text is present : Sign in to your account
[INFO ] 2020-01-22 22:37:25.839 [main] BaseClass - Text is present : Already a customer? Sign in
[INFO ] 2020-01-22 22:37:26.288 [main] BaseClass - Click on button : Already a customer? Sign in
[INFO ] 2020-01-22 22:37:30.232 [main] BaseClass - Text is present : Login. Already a customer?
[INFO ] 2020-01-22 22:37:30.232 [main] BaseClass - Input the text : anilds02@gmail.com
[INFO ] 2020-01-22 22:37:33.289 [main] BaseClass - Click on button : 
[INFO ] 2020-01-22 22:37:35.897 [main] BaseClass - Click on button : AUTO-FILL
[INFO ] 2020-01-22 22:37:37.073 [main] BaseClass - Text is present : Continue
[INFO ] 2020-01-22 22:37:38.305 [main] BaseClass - Click on button : Continue
[INFO ] 2020-01-22 22:37:38.581 [main] BaseClass - Input the text : password123
[INFO ] 2020-01-22 22:38:29.548 [main] AmazonTestCase - Enter the username :anilds02@gmail.com
[INFO ] 2020-01-22 22:38:29.552 [main] AmazonTestCase - Enter the password :password123
[INFO ] 2020-01-22 22:38:33.262 [main] BaseClass - Validation of element is present
[INFO ] 2020-01-22 22:38:34.065 [main] BaseClass - Text is present : Sign in to your account
[INFO ] 2020-01-22 22:38:34.449 [main] BaseClass - Text is present : Already a customer? Sign in
[INFO ] 2020-01-22 22:38:34.939 [main] BaseClass - Click on button : Already a customer? Sign in
[INFO ] 2020-01-22 22:38:38.239 [main] BaseClass - Text is present : Login. Already a customer?
[INFO ] 2020-01-22 22:38:38.239 [main] BaseClass - Input the text : anilds02@gmail.com
[INFO ] 2020-01-22 22:38:41.691 [main] BaseClass - Click on button : 
[INFO ] 2020-01-22 22:38:44.849 [main] BaseClass - Click on button : AUTO-FILL
[INFO ] 2020-01-22 22:38:45.995 [main] BaseClass - Text is present : Continue
[INFO ] 2020-01-22 22:38:46.589 [main] BaseClass - Click on button : Continue
[INFO ] 2020-01-22 22:38:46.997 [main] BaseClass - Input the text : password123
[INFO ] 2020-01-22 22:38:53.400 [main] BaseClass - Click on button : 
[INFO ] 2020-01-22 22:38:55.161 [main] BaseClass - Click on button : AUTO-FILL
[INFO ] 2020-01-22 22:38:56.393 [main] BaseClass - Click on button : Login
[INFO ] 2020-01-23 07:22:54.263 [main] AmazonTestCase - Enter the username :anilds02@gmail.com
[INFO ] 2020-01-23 07:22:54.318 [main] AmazonTestCase - Enter the password :password123
[INFO ] 2020-01-23 07:22:58.269 [main] BaseClass - Validation of element is present
[INFO ] 2020-01-23 07:22:59.118 [main] BaseClass - Text is present : Sign in to your account
[INFO ] 2020-01-23 07:22:59.394 [main] BaseClass - Text is present : Already a customer? Sign in
[INFO ] 2020-01-23 07:22:59.889 [main] BaseClass - Click on button : Already a customer? Sign in
[INFO ] 2020-01-23 07:23:03.537 [main] BaseClass - Text is present : Login. Already a customer?
[INFO ] 2020-01-23 07:23:03.538 [main] BaseClass - Input the text : anilds02@gmail.com
[INFO ] 2020-01-23 07:23:06.310 [main] BaseClass - Click on button : 
[INFO ] 2020-01-23 07:23:12.023 [main] BaseClass - Click on button : AUTO-FILL
[INFO ] 2020-01-23 07:23:13.476 [main] BaseClass - Text is present : Continue
[INFO ] 2020-01-23 07:23:14.464 [main] BaseClass - Click on button : Continue
[INFO ] 2020-01-23 07:23:15.109 [main] BaseClass - Input the text : password123
[INFO ] 2020-01-23 07:23:20.540 [main] BaseClass - Click on button : 
[INFO ] 2020-01-23 07:23:21.668 [main] BaseClass - Click on button : AUTO-FILL
[INFO ] 2020-01-23 07:23:23.045 [main] BaseClass - Click on button : Login
[INFO ] 2020-01-23 07:23:23.500 [main] AmazonTestCase - Enter the username :65-inch TV
[INFO ] 2020-01-23 07:23:23.501 [main] BaseClass - Input the text : 65-inch TV
[INFO ] 2020-01-23 07:23:54.609 [main] BaseClass - Text is not entered : org.openqa.selenium.NoSuchElementException: An element could not be located on the page using the given search parameters.
For documentation on this error, please visit: https://www.seleniumhq.org/exceptions/no_such_element.html
Build info: version: '3.141.59', revision: 'e82be7d358', time: '2018-11-14T08:25:48'
System info: host: 'DESKTOP-MSQGFI6', ip: '192.168.0.116', os.name: 'Windows 10', os.arch: 'amd64', os.version: '10.0', java.version: '1.8.0_231'
Driver info: io.appium.java_client.android.AndroidDriver
Capabilities {app: C:\Users\Anil\AppiumFrameWo..., appActivity: com.amazon.mShop.home.HomeA..., appPackage: com.amazon.mShop.android.sh..., automationName: Appium, databaseEnabled: false, desired: {app: C:\Users\Anil\AppiumFrameWo..., appActivity: com.amazon.mShop.home.HomeA..., appPackage: com.amazon.mShop.android.sh..., automationName: Appium, deviceName: Android, platformName: android, platformVersion: 9.0}, deviceApiLevel: 28, deviceManufacturer: Xiaomi, deviceModel: Redmi 6 Pro, deviceName: 4b5b8e450905, deviceScreenDensity: 440, deviceScreenSize: 1080x2280, deviceUDID: 4b5b8e450905, javascriptEnabled: true, locationContextEnabled: false, networkConnectionEnabled: true, pixelRatio: 2.75, platform: LINUX, platformName: Android, platformVersion: 9, statBarHeight: 89, takesScreenshot: true, viewportRect: {height: 1972, left: 0, top: 89, width: 1080}, warnings: {}, webStorageEnabled: false}
Session ID: 82748af3-c36d-49c2-9215-0f62536a91bf
*** Element info: {Using=xpath, value=//*[@resource-id='com.amazon.mShop.android.shopping:id/rs_search_src_text']}
[INFO ] 2020-01-23 07:25:27.626 [main] AmazonTestCase - Enter the username :anilds02@gmail.com
[INFO ] 2020-01-23 07:25:27.631 [main] AmazonTestCase - Enter the password :password123
[INFO ] 2020-01-23 07:25:31.528 [main] BaseClass - Validation of element is present
[INFO ] 2020-01-23 07:25:32.371 [main] BaseClass - Text is present : Sign in to your account
[INFO ] 2020-01-23 07:25:32.722 [main] BaseClass - Text is present : Already a customer? Sign in
[INFO ] 2020-01-23 07:25:33.155 [main] BaseClass - Click on button : Already a customer? Sign in
[INFO ] 2020-01-23 07:25:37.055 [main] BaseClass - Text is present : Login. Already a customer?
[INFO ] 2020-01-23 07:25:37.055 [main] BaseClass - Input the text : anilds02@gmail.com
[INFO ] 2020-01-23 07:25:39.154 [main] BaseClass - Click on button : 
[INFO ] 2020-01-23 07:26:09.980 [main] BaseClass - Element is not present : org.openqa.selenium.NoSuchElementException: An element could not be located on the page using the given search parameters.
For documentation on this error, please visit: https://www.seleniumhq.org/exceptions/no_such_element.html
Build info: version: '3.141.59', revision: 'e82be7d358', time: '2018-11-14T08:25:48'
System info: host: 'DESKTOP-MSQGFI6', ip: '192.168.0.116', os.name: 'Windows 10', os.arch: 'amd64', os.version: '10.0', java.version: '1.8.0_231'
Driver info: io.appium.java_client.android.AndroidDriver
Capabilities {app: C:\Users\Anil\AppiumFrameWo..., appActivity: com.amazon.mShop.home.HomeA..., appPackage: com.amazon.mShop.android.sh..., automationName: Appium, databaseEnabled: false, desired: {app: C:\Users\Anil\AppiumFrameWo..., appActivity: com.amazon.mShop.home.HomeA..., appPackage: com.amazon.mShop.android.sh..., automationName: Appium, deviceName: Android, platformName: android, platformVersion: 9.0}, deviceApiLevel: 28, deviceManufacturer: Xiaomi, deviceModel: Redmi 6 Pro, deviceName: 4b5b8e450905, deviceScreenDensity: 440, deviceScreenSize: 1080x2280, deviceUDID: 4b5b8e450905, javascriptEnabled: true, locationContextEnabled: false, networkConnectionEnabled: true, pixelRatio: 2.75, platform: LINUX, platformName: Android, platformVersion: 9, statBarHeight: 89, takesScreenshot: true, viewportRect: {height: 1972, left: 0, top: 89, width: 1080}, warnings: {}, webStorageEnabled: false}
Session ID: 53c49ca6-262f-4129-815a-b1a1667c2f63
*** Element info: {Using=xpath, value=//*[@resource-id='android:id/button1']}
[INFO ] 2020-01-23 07:26:40.083 [main] AmazonTestCase - Enter the username :65-inch TV
[INFO ] 2020-01-23 07:26:40.083 [main] BaseClass - Input the text : 65-inch TV
[INFO ] 2020-01-23 07:27:10.315 [main] BaseClass - Text is not entered : org.openqa.selenium.NoSuchElementException: An element could not be located on the page using the given search parameters.
For documentation on this error, please visit: https://www.seleniumhq.org/exceptions/no_such_element.html
Build info: version: '3.141.59', revision: 'e82be7d358', time: '2018-11-14T08:25:48'
System info: host: 'DESKTOP-MSQGFI6', ip: '192.168.0.116', os.name: 'Windows 10', os.arch: 'amd64', os.version: '10.0', java.version: '1.8.0_231'
Driver info: io.appium.java_client.android.AndroidDriver
Capabilities {app: C:\Users\Anil\AppiumFrameWo..., appActivity: com.amazon.mShop.home.HomeA..., appPackage: com.amazon.mShop.android.sh..., automationName: Appium, databaseEnabled: false, desired: {app: C:\Users\Anil\AppiumFrameWo..., appActivity: com.amazon.mShop.home.HomeA..., appPackage: com.amazon.mShop.android.sh..., automationName: Appium, deviceName: Android, platformName: android, platformVersion: 9.0}, deviceApiLevel: 28, deviceManufacturer: Xiaomi, deviceModel: Redmi 6 Pro, deviceName: 4b5b8e450905, deviceScreenDensity: 440, deviceScreenSize: 1080x2280, deviceUDID: 4b5b8e450905, javascriptEnabled: true, locationContextEnabled: false, networkConnectionEnabled: true, pixelRatio: 2.75, platform: LINUX, platformName: Android, platformVersion: 9, statBarHeight: 89, takesScreenshot: true, viewportRect: {height: 1972, left: 0, top: 89, width: 1080}, warnings: {}, webStorageEnabled: false}
Session ID: 53c49ca6-262f-4129-815a-b1a1667c2f63
*** Element info: {Using=xpath, value=//*[@resource-id='com.amazon.mShop.android.shopping:id/rs_search_src_text']}
[INFO ] 2020-01-23 07:28:10.037 [main] AmazonTestCase - Enter the username :anilds02@gmail.com
[INFO ] 2020-01-23 07:28:10.043 [main] AmazonTestCase - Enter the password :password123
[INFO ] 2020-01-23 07:28:13.461 [main] BaseClass - Validation of element is present
[INFO ] 2020-01-23 07:28:14.300 [main] BaseClass - Text is present : Sign in to your account
[INFO ] 2020-01-23 07:28:14.558 [main] BaseClass - Text is present : Already a customer? Sign in
[INFO ] 2020-01-23 07:28:15.043 [main] BaseClass - Click on button : Already a customer? Sign in
[INFO ] 2020-01-23 07:28:18.790 [main] BaseClass - Text is present : Login. Already a customer?
[INFO ] 2020-01-23 07:28:18.790 [main] BaseClass - Input the text : anilds02@gmail.com
[INFO ] 2020-01-23 07:28:21.981 [main] BaseClass - Click on button : 
[INFO ] 2020-01-23 07:28:26.947 [main] BaseClass - Click on button : AUTO-FILL
[INFO ] 2020-01-23 07:28:27.951 [main] BaseClass - Text is present : Continue
[INFO ] 2020-01-23 07:28:28.588 [main] BaseClass - Click on button : Continue
[INFO ] 2020-01-23 07:28:28.885 [main] BaseClass - Input the text : password123
[INFO ] 2020-01-23 07:28:35.047 [main] BaseClass - Click on button : 
[INFO ] 2020-01-23 07:28:36.231 [main] BaseClass - Click on button : AUTO-FILL
[INFO ] 2020-01-23 07:28:37.740 [main] BaseClass - Click on button : Login
[INFO ] 2020-01-23 07:28:38.237 [main] AmazonTestCase - Enter the username :65-inch TV
[INFO ] 2020-01-23 07:28:38.237 [main] BaseClass - Input the text : 65-inch TV
[INFO ] 2020-01-23 07:29:08.801 [main] BaseClass - Text is not entered : org.openqa.selenium.NoSuchElementException: An element could not be located on the page using the given search parameters.
For documentation on this error, please visit: https://www.seleniumhq.org/exceptions/no_such_element.html
Build info: version: '3.141.59', revision: 'e82be7d358', time: '2018-11-14T08:25:48'
System info: host: 'DESKTOP-MSQGFI6', ip: '192.168.0.116', os.name: 'Windows 10', os.arch: 'amd64', os.version: '10.0', java.version: '1.8.0_231'
Driver info: io.appium.java_client.android.AndroidDriver
Capabilities {app: C:\Users\Anil\AppiumFrameWo..., appActivity: com.amazon.mShop.home.HomeA..., appPackage: com.amazon.mShop.android.sh..., automationName: Appium, databaseEnabled: false, desired: {app: C:\Users\Anil\AppiumFrameWo..., appActivity: com.amazon.mShop.home.HomeA..., appPackage: com.amazon.mShop.android.sh..., automationName: Appium, deviceName: Android, platformName: android, platformVersion: 9.0}, deviceApiLevel: 28, deviceManufacturer: Xiaomi, deviceModel: Redmi 6 Pro, deviceName: 4b5b8e450905, deviceScreenDensity: 440, deviceScreenSize: 1080x2280, deviceUDID: 4b5b8e450905, javascriptEnabled: true, locationContextEnabled: false, networkConnectionEnabled: true, pixelRatio: 2.75, platform: LINUX, platformName: Android, platformVersion: 9, statBarHeight: 89, takesScreenshot: true, viewportRect: {height: 1972, left: 0, top: 89, width: 1080}, warnings: {}, webStorageEnabled: false}
Session ID: 919cd528-e681-4725-9e81-f0fba1d72bbf
*** Element info: {Using=xpath, value=//*[@resource-id='com.amazon.mShop.android.shopping:id/rs_search_src_text']}
